100,59.5,0.0,217.5
200,59.5,-20.0,-332.5
300,59.5,-20.0,217.5
400,59.5,-20.0,17.5
500,59.5,-20.0,155.5
600,59.5,-50.0,-562.5
700,59.5,-50.0,-466.5
800,59.5,-50.0,-412.5
900,59.5,-50.0,-242.5
1000,59.5,-50.0,-452.5
1063,59.5,-50.0,86.0
1100,59.5,-50.0,-637.5
1200,59.5,-50.0,-216.5
1300,59.5,-50.0,-162.5
1332,64.0,-50.0,240.5
1400,64.0,-50.0,-392.5
1500,64.0,-50.0,-202.5
1600,64.0,-50.0,-332.5
1700,64.0,-50.0,-232.5
1800,64.0,-50.0,-192.5
1900,64.0,-50.0,-492.5
2000,64.0,-50.0,-412.5
2100,64.0,-50.0,-324.5
2200,64.0,-50.0,182.5
2219,70.5,-50.0,1333.5
2300,70.5,-50.0,-532.5
2400,70.5,-50.0,115.5
2500,70.5,-50.0,-402.5
2600,70.5,-50.0,-492.5
2671,70.5,-50.0,73.5
2700,70.5,-50.0,-262.5
2800,70.5,-50.0,-532.5
2900,70.5,-50.0,-782.5
3000,70.5,-50.0,-532.5
3024,70.5,-50.0,455.0
3100,70.5,-50.0,-432.5
3200,70.5,-50.0,-532.5
3300,70.5,-50.0,-557.5
3400,70.5,-50.0,-512.5
3500,70.5,-50.0,-532.5
3600,70.5,-50.0,-532.5
3700,70.5,-50.0,-492.5
3800,70.5,-50.0,-492.5
3900,70.5,-50.0,-432.5
4000,80.5,-50.0,231.5
4100,80.5,-50.0,-522.5
4200,80.5,-50.0,157.5
4300,80.5,-50.0,-782.5
4400,80.5,-50.0,-392.5
4401,80.5,-50.0,143.5
4500,80.5,-50.0,-322.5
4600,80.5,-50.0,-492.5
4700,80.5,-50.0,-492.5
4800,80.5,-50.0,-532.5
4900,80.5,-50.0,-532.5
4985,80.5,-50.0,22.5
5000,80.5,-50.0,-252.5
5100,80.5,-50.0,-492.5
5200,80.5,-50.0,37.5
5300,92.0,-50.0,-532.5
5400,92.0,-50.0,-452.5
5500,92.0,-50.0,-532.5
5600,92.0,-50.0,142.5
5700,92.0,-50.0,-642.5
5800,92.0,-50.0,-432.5
5900,92.0,-50.0,-492.5
6000,92.0,-50.0,-492.5
6100,92.0,-50.0,-152.5
6153,92.0,-50.0,316.0
6200,92.0,-50.0,-46.5
6300,92.0,-50.0,-157.5
6400,92.0,-50.0,-532.5
6500,92.0,-50.0,-290.5
6600,92.0,-50.0,-782.5
6700,92.0,-50.0,-492.5
6800,92.0,-50.0,-376.5
6900,92.0,-50.0,-412.5
7000,92.0,-50.0,-133.5
7100,92.0,-50.0,-782.5
7200,92.0,-50.0,-702.5
7300,92.0,-50.0,-492.5
7400,92.0,-50.0,-532.5
7500,92.0,-50.0,-264.5
7600,92.0,-50.0,-512.5
7695,92.0,-50.0,227.5
7700,92.0,-50.0,217.5
7800,92.0,-50.0,-572.5
7900,92.0,-50.0,-702.5
8000,92.0,-50.0,-702.5
8100,92.0,-50.0,-200.5
8200,92.0,-50.0,-412.5
8300,92.0,-50.0,-400.5
8400,92.0,-50.0,-370.5
8500,92.0,-50.0,-356.5
8600,92.0,-50.0,-412.5
8620,92.0,-50.0,912.5
8700,92.0,-50.0,-412.5
8800,92.0,-50.0,-5.5
8900,92.0,-50.0,-318.5
9000,92.0,-50.0,-452.5
9100,92.0,-50.0,-372.5
9200,92.0,-50.0,-352.5
9247,92.0,-50.0,516.0
9300,92.0,-50.0,-53.5
9400,92.0,-50.0,-412.5
9447,92.0,-50.0,379.0
9500,92.0,-50.0,-278.5
9600,92.0,-50.0,-492.5
9700,92.0,-50.0,-412.5
9800,92.0,-50.0,-392.5
9803,92.0,-50.0,431.0
9900,92.0,-50.0,217.5
10000,92.0,-50.0,-427.5
10100,92.0,-50.0,-32.5
10200,92.0,-50.0,-632.5
10300,92.0,-50.0,-412.5
10400,92.0,-50.0,-782.5
10500,92.0,-50.0,-201.5
10600,92.0,-50.0,-319.5
10700,92.0,-50.0,-284.5
10800,92.0,-50.0,-412.5
10900,92.0,-50.0,-452.5
11000,92.0,-50.0,-452.5
11100,92.0,-50.0,-412.5
11200,92.0,-50.0,-412.5
11300,92.0,-50.0,-452.5
11400,92.0,-50.0,-412.5
11500,92.0,-50.0,-448.5
11600,92.0,-50.0,-412.5
11700,92.0,-50.0,-452.5
11800,92.0,-50.0,-352.5
11900,92.0,-50.0,-702.5
12000,92.0,-50.0,-380.5
12033,92.0,-50.0,350.0
12100,92.0,-50.0,-412.5
12200,92.0,-50.0,-452.5
12300,92.0,-50.0,-2.5
12400,92.0,-50.0,-404.5
12500,92.0,-50.0,-138.5
12600,92.0,-50.0,-452.5
12700,92.0,-50.0,-386.5
12800,92.0,-50.0,-452.5
12900,92.0,-50.0,-153.5
13000,92.0,-50.0,-452.5
13100,92.0,-50.0,-412.5
13200,92.0,-50.0,-384.5
13300,92.0,-50.0,-412.5
13400,92.0,-50.0,-320.5
13500,92.0,-50.0,-632.5
13600,92.0,-50.0,-192.5
13700,92.0,-50.0,-7.5
13800,100.5,-50.0,-702.5
13900,100.5,-50.0,-412.5
14000,100.5,-50.0,-452.5
14100,100.5,-50.0,-388.5
14200,100.5,-50.0,-230.5
14300,100.5,-50.0,-352.5
14400,100.5,-50.0,-412.5
14500,100.5,-50.0,-412.5
14600,100.5,-50.0,-412.5
14700,100.5,-50.0,-452.5
14800,100.5,-50.0,-412.5
14900,100.5,-50.0,-412.5
15000,100.5,-50.0,-238.5
15100,100.5,-50.0,-299.5
15200,100.5,-50.0,-452.5
15300,100.5,-50.0,-412.5
15400,100.5,-50.0,-452.5
15500,100.5,-50.0,-452.5
15600,100.5,-50.0,-412.5
15700,100.5,-50.0,-444.5
15800,100.5,-50.0,-702.5
15900,100.5,-50.0,-452.5
16000,100.5,-50.0,-452.5
16059,100.5,-50.0,677.5
16100,100.5,-50.0,-412.5
16200,100.5,-50.0,-412.5
16300,100.5,-50.0,-372.5
16400,100.5,-50.0,-420.5
16500,100.5,-50.0,-452.5
16600,100.5,-50.0,-412.5
16700,100.5,-50.0,-247.5
16800,100.5,-50.0,-412.5
16900,100.5,-50.0,-412.5
